{"/home/rgukt/Desktop/REACT/src/components/Body.js": {"path":"/home/rgukt/Desktop/REACT/src/components/Body.js","statementMap":{"0":{"start":{"line":11,"column":13},"end":{"line":113,"column":1}},"1":{"start":{"line":12,"column":51},"end":{"line":12,"column":63}},"2":{"start":{"line":14,"column":54},"end":{"line":14,"column":66}},"3":{"start":{"line":16,"column":34},"end":{"line":16,"column":46}},"4":{"start":{"line":20,"column":2},"end":{"line":22,"column":9}},"5":{"start":{"line":21,"column":4},"end":{"line":21,"column":16}},"6":{"start":{"line":24,"column":20},"end":{"line":43,"column":1}},"7":{"start":{"line":26,"column":19},"end":{"line":26,"column":46}},"8":{"start":{"line":27,"column":19},"end":{"line":27,"column":36}},"9":{"start":{"line":28,"column":20},"end":{"line":28,"column":43}},"10":{"start":{"line":30,"column":21},"end":{"line":30,"column":23}},"11":{"start":{"line":32,"column":0},"end":{"line":38,"column":1}},"12":{"start":{"line":33,"column":21},"end":{"line":33,"column":79}},"13":{"start":{"line":35,"column":2},"end":{"line":37,"column":3}},"14":{"start":{"line":36,"column":4},"end":{"line":36,"column":56}},"15":{"start":{"line":40,"column":0},"end":{"line":40,"column":48}},"16":{"start":{"line":41,"column":0},"end":{"line":41,"column":50}},"17":{"start":{"line":45,"column":19},"end":{"line":45,"column":36}},"18":{"start":{"line":47,"column":0},"end":{"line":49,"column":39}},"19":{"start":{"line":47,"column":28},"end":{"line":49,"column":39}},"20":{"start":{"line":51,"column":33},"end":{"line":51,"column":56}},"21":{"start":{"line":53,"column":2},"end":{"line":55,"column":3}},"22":{"start":{"line":54,"column":4},"end":{"line":54,"column":25}},"23":{"start":{"line":57,"column":4},"end":{"line":112,"column":6}},"24":{"start":{"line":64,"column":18},"end":{"line":64,"column":48}},"25":{"start":{"line":68,"column":18},"end":{"line":68,"column":42}},"26":{"start":{"line":69,"column":43},"end":{"line":71,"column":19}},"27":{"start":{"line":70,"column":18},"end":{"line":70,"column":80}},"28":{"start":{"line":72,"column":18},"end":{"line":72,"column":60}},"29":{"start":{"line":79,"column":39},"end":{"line":81,"column":21}},"30":{"start":{"line":80,"column":31},"end":{"line":80,"column":53}},"31":{"start":{"line":82,"column":20},"end":{"line":82,"column":56}},"32":{"start":{"line":91,"column":29},"end":{"line":91,"column":56}},"33":{"start":{"line":99,"column":24},"end":{"line":99,"column":38}},"34":{"start":{"line":100,"column":20},"end":{"line":102,"column":27}}},"fnMap":{"0":{"name":"(anonymous_0)","decl":{"start":{"line":11,"column":13},"end":{"line":11,"column":14}},"loc":{"start":{"line":11,"column":19},"end":{"line":113,"column":1}},"line":11},"1":{"name":"(anonymous_1)","decl":{"start":{"line":20,"column":12},"end":{"line":20,"column":13}},"loc":{"start":{"line":20,"column":18},"end":{"line":22,"column":3}},"line":20},"2":{"name":"(anonymous_2)","decl":{"start":{"line":24,"column":20},"end":{"line":24,"column":21}},"loc":{"start":{"line":24,"column":32},"end":{"line":43,"column":1}},"line":24},"3":{"name":"(anonymous_3)","decl":{"start":{"line":63,"column":26},"end":{"line":63,"column":27}},"loc":{"start":{"line":63,"column":31},"end":{"line":65,"column":17}},"line":63},"4":{"name":"(anonymous_4)","decl":{"start":{"line":67,"column":25},"end":{"line":67,"column":26}},"loc":{"start":{"line":67,"column":29},"end":{"line":74,"column":17}},"line":67},"5":{"name":"(anonymous_5)","decl":{"start":{"line":69,"column":68},"end":{"line":69,"column":69}},"loc":{"start":{"line":70,"column":18},"end":{"line":70,"column":80}},"line":70},"6":{"name":"(anonymous_6)","decl":{"start":{"line":78,"column":25},"end":{"line":78,"column":26}},"loc":{"start":{"line":78,"column":29},"end":{"line":83,"column":17}},"line":78},"7":{"name":"(anonymous_7)","decl":{"start":{"line":80,"column":24},"end":{"line":80,"column":25}},"loc":{"start":{"line":80,"column":31},"end":{"line":80,"column":53}},"line":80},"8":{"name":"(anonymous_8)","decl":{"start":{"line":91,"column":24},"end":{"line":91,"column":25}},"loc":{"start":{"line":91,"column":29},"end":{"line":91,"column":56}},"line":91},"9":{"name":"(anonymous_9)","decl":{"start":{"line":99,"column":19},"end":{"line":99,"column":20}},"loc":{"start":{"line":99,"column":24},"end":{"line":99,"column":38}},"line":99},"10":{"name":"(anonymous_10)","decl":{"start":{"line":99,"column":55},"end":{"line":99,"column":56}},"loc":{"start":{"line":100,"column":20},"end":{"line":102,"column":27}},"line":100}},"branchMap":{"0":{"loc":{"start":{"line":28,"column":20},"end":{"line":28,"column":43}},"type":"binary-expr","locations":[{"start":{"line":28,"column":20},"end":{"line":28,"column":37}},{"start":{"line":28,"column":41},"end":{"line":28,"column":43}}],"line":28},"1":{"loc":{"start":{"line":35,"column":2},"end":{"line":37,"column":3}},"type":"if","locations":[{"start":{"line":35,"column":2},"end":{"line":37,"column":3}},{"start":{},"end":{}}],"line":35},"2":{"loc":{"start":{"line":47,"column":0},"end":{"line":49,"column":39}},"type":"if","locations":[{"start":{"line":47,"column":0},"end":{"line":49,"column":39}},{"start":{},"end":{}}],"line":47},"3":{"loc":{"start":{"line":53,"column":2},"end":{"line":55,"column":3}},"type":"if","locations":[{"start":{"line":53,"column":2},"end":{"line":55,"column":3}},{"start":{},"end":{}}],"line":53}},"s":{"0":1,"1":2,"2":2,"3":2,"4":2,"5":1,"6":2,"7":1,"8":1,"9":1,"10":1,"11":1,"12":12,"13":12,"14":2,"15":1,"16":1,"17":2,"18":2,"19":0,"20":2,"21":2,"22":1,"23":1,"24":0,"25":0,"26":0,"27":0,"28":0,"29":0,"30":0,"31":0,"32":0,"33":15,"34":12},"f":{"0":2,"1":1,"2":1,"3":0,"4":0,"5":0,"6":0,"7":0,"8":0,"9":15,"10":12},"b":{"0":[1,0],"1":[2,10],"2":[0,2],"3":[1,1]},"_coverageSchema":"1a1c01bbd47fc00a2c39e90264f33305004495a9","hash":"40476c351a6e96c9c54d636ebd59d8b3ac89cf97"}
,"/home/rgukt/Desktop/REACT/src/components/Contact.js": {"path":"/home/rgukt/Desktop/REACT/src/components/Contact.js","statementMap":{"0":{"start":{"line":1,"column":14},"end":{"line":16,"column":1}},"1":{"start":{"line":2,"column":4},"end":{"line":15,"column":5}}},"fnMap":{"0":{"name":"(anonymous_0)","decl":{"start":{"line":1,"column":14},"end":{"line":1,"column":15}},"loc":{"start":{"line":1,"column":18},"end":{"line":16,"column":1}},"line":1}},"branchMap":{},"s":{"0":1,"1":5},"f":{"0":5},"b":{},"_coverageSchema":"1a1c01bbd47fc00a2c39e90264f33305004495a9","hash":"bdf6fc2f17eec26f735cf61a22c08c94b3891a87"}
,"/home/rgukt/Desktop/REACT/src/components/Header.js": {"path":"/home/rgukt/Desktop/REACT/src/components/Header.js","statementMap":{"0":{"start":{"line":8,"column":13},"end":{"line":55,"column":1}},"1":{"start":{"line":10,"column":41},"end":{"line":10,"column":58}},"2":{"start":{"line":12,"column":23},"end":{"line":12,"column":40}},"3":{"start":{"line":14,"column":25},"end":{"line":14,"column":48}},"4":{"start":{"line":16,"column":20},"end":{"line":16,"column":58}},"5":{"start":{"line":16,"column":41},"end":{"line":16,"column":57}},"6":{"start":{"line":17,"column":4},"end":{"line":17,"column":27}},"7":{"start":{"line":19,"column":4},"end":{"line":54,"column":6}},"8":{"start":{"line":44,"column":24},"end":{"line":46,"column":50}}},"fnMap":{"0":{"name":"(anonymous_0)","decl":{"start":{"line":8,"column":13},"end":{"line":8,"column":14}},"loc":{"start":{"line":8,"column":17},"end":{"line":55,"column":1}},"line":8},"1":{"name":"(anonymous_1)","decl":{"start":{"line":16,"column":32},"end":{"line":16,"column":33}},"loc":{"start":{"line":16,"column":41},"end":{"line":16,"column":57}},"line":16},"2":{"name":"(anonymous_2)","decl":{"start":{"line":43,"column":29},"end":{"line":43,"column":30}},"loc":{"start":{"line":43,"column":33},"end":{"line":47,"column":21}},"line":43}},"branchMap":{"0":{"loc":{"start":{"line":27,"column":39},"end":{"line":27,"column":64}},"type":"cond-expr","locations":[{"start":{"line":27,"column":54},"end":{"line":27,"column":57}},{"start":{"line":27,"column":60},"end":{"line":27,"column":64}}],"line":27},"1":{"loc":{"start":{"line":44,"column":24},"end":{"line":46,"column":49}},"type":"cond-expr","locations":[{"start":{"line":45,"column":25},"end":{"line":45,"column":50}},{"start":{"line":46,"column":25},"end":{"line":46,"column":49}}],"line":44}},"s":{"0":1,"1":4,"2":4,"3":4,"4":4,"5":7,"6":4,"7":4,"8":1},"f":{"0":4,"1":7,"2":1},"b":{"0":[4,0],"1":[1,0]},"_coverageSchema":"1a1c01bbd47fc00a2c39e90264f33305004495a9","hash":"be1ef54dce81deeba0aec6a5cb6417d3903bce0f"}
,"/home/rgukt/Desktop/REACT/src/components/RestaurantCard.js": {"path":"/home/rgukt/Desktop/REACT/src/components/RestaurantCard.js","statementMap":{"0":{"start":{"line":2,"column":21},"end":{"line":22,"column":1}},"1":{"start":{"line":4,"column":19},"end":{"line":4,"column":24}},"2":{"start":{"line":6,"column":4},"end":{"line":6,"column":25}},"3":{"start":{"line":8,"column":77},"end":{"line":8,"column":90}},"4":{"start":{"line":9,"column":8},"end":{"line":21,"column":6}}},"fnMap":{"0":{"name":"(anonymous_0)","decl":{"start":{"line":2,"column":21},"end":{"line":2,"column":22}},"loc":{"start":{"line":2,"column":30},"end":{"line":22,"column":1}},"line":2}},"branchMap":{},"s":{"0":2,"1":13,"2":13,"3":13,"4":13},"f":{"0":13},"b":{},"_coverageSchema":"1a1c01bbd47fc00a2c39e90264f33305004495a9","hash":"6189a9ef2caa91d59e21e309807e5d9f9c47c074"}
,"/home/rgukt/Desktop/REACT/src/components/Shimmer.js": {"path":"/home/rgukt/Desktop/REACT/src/components/Shimmer.js","statementMap":{"0":{"start":{"line":1,"column":14},"end":{"line":19,"column":1}},"1":{"start":{"line":2,"column":4},"end":{"line":18,"column":6}}},"fnMap":{"0":{"name":"(anonymous_0)","decl":{"start":{"line":1,"column":14},"end":{"line":1,"column":15}},"loc":{"start":{"line":1,"column":18},"end":{"line":19,"column":1}},"line":1}},"branchMap":{},"s":{"0":1,"1":1},"f":{"0":1},"b":{},"_coverageSchema":"1a1c01bbd47fc00a2c39e90264f33305004495a9","hash":"e17d603e2aa5e53a646e4c94241c33ac1426f249"}
,"/home/rgukt/Desktop/REACT/src/utils/UserContext.js": {"path":"/home/rgukt/Desktop/REACT/src/utils/UserContext.js","statementMap":{"0":{"start":{"line":3,"column":18},"end":{"line":6,"column":2}}},"fnMap":{},"branchMap":{},"s":{"0":2},"f":{},"b":{},"_coverageSchema":"1a1c01bbd47fc00a2c39e90264f33305004495a9","hash":"11fdcadf4501caf7838f54db3cb91b1444686944"}
,"/home/rgukt/Desktop/REACT/src/utils/appStore.js": {"path":"/home/rgukt/Desktop/REACT/src/utils/appStore.js","statementMap":{"0":{"start":{"line":4,"column":15},"end":{"line":8,"column":2}}},"fnMap":{},"branchMap":{},"s":{"0":1},"f":{},"b":{},"_coverageSchema":"1a1c01bbd47fc00a2c39e90264f33305004495a9","hash":"301b651150d3bf6849c56d1eb799a1cf1f927926"}
,"/home/rgukt/Desktop/REACT/src/utils/cartSlice.js": {"path":"/home/rgukt/Desktop/REACT/src/utils/cartSlice.js","statementMap":{"0":{"start":{"line":3,"column":16},"end":{"line":21,"column":2}},"1":{"start":{"line":10,"column":12},"end":{"line":10,"column":45}},"2":{"start":{"line":13,"column":12},"end":{"line":13,"column":30}},"3":{"start":{"line":16,"column":12},"end":{"line":16,"column":33}},"4":{"start":{"line":23,"column":43},"end":{"line":23,"column":60}}},"fnMap":{"0":{"name":"(anonymous_0)","decl":{"start":{"line":9,"column":16},"end":{"line":9,"column":17}},"loc":{"start":{"line":9,"column":32},"end":{"line":11,"column":9}},"line":9},"1":{"name":"(anonymous_1)","decl":{"start":{"line":12,"column":20},"end":{"line":12,"column":21}},"loc":{"start":{"line":12,"column":29},"end":{"line":14,"column":9}},"line":12},"2":{"name":"(anonymous_2)","decl":{"start":{"line":15,"column":19},"end":{"line":15,"column":20}},"loc":{"start":{"line":15,"column":28},"end":{"line":19,"column":9}},"line":15}},"branchMap":{},"s":{"0":1,"1":0,"2":0,"3":0,"4":1},"f":{"0":0,"1":0,"2":0},"b":{},"_coverageSchema":"1a1c01bbd47fc00a2c39e90264f33305004495a9","hash":"d254fc76aba4685553476ec68ef30f3290278eb7"}
,"/home/rgukt/Desktop/REACT/src/utils/constants.js": {"path":"/home/rgukt/Desktop/REACT/src/utils/constants.js","statementMap":{"0":{"start":{"line":1,"column":21},"end":{"line":1,"column":104}},"1":{"start":{"line":3,"column":22},"end":{"line":3,"column":116}},"2":{"start":{"line":5,"column":28},"end":{"line":5,"column":181}},"3":{"start":{"line":7,"column":22},"end":{"line":7,"column":141}},"4":{"start":{"line":13,"column":22},"end":{"line":13,"column":123}}},"fnMap":{},"branchMap":{},"s":{"0":3,"1":3,"2":3,"3":3,"4":3},"f":{},"b":{},"_coverageSchema":"1a1c01bbd47fc00a2c39e90264f33305004495a9","hash":"db04ba2620fe8f57d580b3f2f4888d1ce50ccab7"}
,"/home/rgukt/Desktop/REACT/src/utils/mockData.js": {"path":"/home/rgukt/Desktop/REACT/src/utils/mockData.js","statementMap":{"0":{"start":{"line":1,"column":14},"end":{"line":339,"column":5}}},"fnMap":{},"branchMap":{},"s":{"0":1},"f":{},"b":{},"_coverageSchema":"1a1c01bbd47fc00a2c39e90264f33305004495a9","hash":"7bf3cf03c505c2da6ec93446a827b13c0e9c1a5b"}
,"/home/rgukt/Desktop/REACT/src/utils/useOnlineStatus.js": {"path":"/home/rgukt/Desktop/REACT/src/utils/useOnlineStatus.js","statementMap":{"0":{"start":{"line":3,"column":22},"end":{"line":16,"column":1}},"1":{"start":{"line":4,"column":41},"end":{"line":4,"column":55}},"2":{"start":{"line":6,"column":4},"end":{"line":13,"column":10}},"3":{"start":{"line":7,"column":8},"end":{"line":9,"column":11}},"4":{"start":{"line":8,"column":12},"end":{"line":8,"column":37}},"5":{"start":{"line":10,"column":8},"end":{"line":12,"column":11}},"6":{"start":{"line":11,"column":12},"end":{"line":11,"column":36}},"7":{"start":{"line":15,"column":4},"end":{"line":15,"column":24}}},"fnMap":{"0":{"name":"(anonymous_0)","decl":{"start":{"line":3,"column":22},"end":{"line":3,"column":23}},"loc":{"start":{"line":3,"column":26},"end":{"line":16,"column":1}},"line":3},"1":{"name":"(anonymous_1)","decl":{"start":{"line":6,"column":14},"end":{"line":6,"column":15}},"loc":{"start":{"line":6,"column":18},"end":{"line":13,"column":5}},"line":6},"2":{"name":"(anonymous_2)","decl":{"start":{"line":7,"column":42},"end":{"line":7,"column":43}},"loc":{"start":{"line":7,"column":46},"end":{"line":9,"column":9}},"line":7},"3":{"name":"(anonymous_3)","decl":{"start":{"line":10,"column":41},"end":{"line":10,"column":42}},"loc":{"start":{"line":10,"column":45},"end":{"line":12,"column":9}},"line":10}},"branchMap":{},"s":{"0":2,"1":6,"2":6,"3":4,"4":0,"5":4,"6":0,"7":6},"f":{"0":6,"1":4,"2":0,"3":0},"b":{},"_coverageSchema":"1a1c01bbd47fc00a2c39e90264f33305004495a9","hash":"e80768ee700e42cd79dad80a4d18282ce01725f2"}
}
