TN:
SF:src/components/Body.js
FN:11,(anonymous_0)
FN:20,(anonymous_1)
FN:24,(anonymous_2)
FN:63,(anonymous_3)
FN:67,(anonymous_4)
FN:69,(anonymous_5)
FN:78,(anonymous_6)
FN:80,(anonymous_7)
FN:91,(anonymous_8)
FN:99,(anonymous_9)
FN:99,(anonymous_10)
FNF:11
FNH:5
FNDA:2,(anonymous_0)
FNDA:1,(anonymous_1)
FNDA:1,(anonymous_2)
FNDA:0,(anonymous_3)
FNDA:0,(anonymous_4)
FNDA:0,(anonymous_5)
FNDA:0,(anonymous_6)
FNDA:0,(anonymous_7)
FNDA:0,(anonymous_8)
FNDA:15,(anonymous_9)
FNDA:12,(anonymous_10)
DA:11,1
DA:12,2
DA:14,2
DA:16,2
DA:20,2
DA:21,1
DA:24,2
DA:26,1
DA:27,1
DA:28,1
DA:30,1
DA:32,1
DA:33,12
DA:35,12
DA:36,2
DA:40,1
DA:41,1
DA:45,2
DA:47,2
DA:51,2
DA:53,2
DA:54,1
DA:57,1
DA:64,0
DA:68,0
DA:69,0
DA:70,0
DA:72,0
DA:79,0
DA:80,0
DA:82,0
DA:91,0
DA:99,15
DA:100,12
LF:34
LH:25
BRDA:28,0,0,1
BRDA:28,0,1,0
BRDA:35,1,0,2
BRDA:35,1,1,10
BRDA:47,2,0,0
BRDA:47,2,1,2
BRDA:53,3,0,1
BRDA:53,3,1,1
BRF:8
BRH:6
end_of_record
TN:
SF:src/components/Contact.js
FN:1,(anonymous_0)
FNF:1
FNH:1
FNDA:5,(anonymous_0)
DA:1,1
DA:2,5
LF:2
LH:2
BRF:0
BRH:0
end_of_record
TN:
SF:src/components/Header.js
FN:8,(anonymous_0)
FN:16,(anonymous_1)
FN:43,(anonymous_2)
FNF:3
FNH:3
FNDA:4,(anonymous_0)
FNDA:7,(anonymous_1)
FNDA:1,(anonymous_2)
DA:8,1
DA:10,4
DA:12,4
DA:14,4
DA:16,7
DA:17,4
DA:19,4
DA:44,1
LF:8
LH:8
BRDA:27,0,0,4
BRDA:27,0,1,0
BRDA:44,1,0,1
BRDA:44,1,1,0
BRF:4
BRH:2
end_of_record
TN:
SF:src/components/RestaurantCard.js
FN:2,(anonymous_0)
FNF:1
FNH:1
FNDA:13,(anonymous_0)
DA:2,2
DA:4,13
DA:6,13
DA:8,13
DA:9,13
LF:5
LH:5
BRF:0
BRH:0
end_of_record
TN:
SF:src/components/Shimmer.js
FN:1,(anonymous_0)
FNF:1
FNH:1
FNDA:1,(anonymous_0)
DA:1,1
DA:2,1
LF:2
LH:2
BRF:0
BRH:0
end_of_record
TN:
SF:src/utils/UserContext.js
FNF:0
FNH:0
DA:3,2
LF:1
LH:1
BRF:0
BRH:0
end_of_record
TN:
SF:src/utils/appStore.js
FNF:0
FNH:0
DA:4,1
LF:1
LH:1
BRF:0
BRH:0
end_of_record
TN:
SF:src/utils/cartSlice.js
FN:9,(anonymous_0)
FN:12,(anonymous_1)
FN:15,(anonymous_2)
FNF:3
FNH:0
FNDA:0,(anonymous_0)
FNDA:0,(anonymous_1)
FNDA:0,(anonymous_2)
DA:3,1
DA:10,0
DA:13,0
DA:16,0
DA:23,1
LF:5
LH:2
BRF:0
BRH:0
end_of_record
TN:
SF:src/utils/constants.js
FNF:0
FNH:0
DA:1,3
DA:3,3
DA:5,3
DA:7,3
DA:13,3
LF:5
LH:5
BRF:0
BRH:0
end_of_record
TN:
SF:src/utils/mockData.js
FNF:0
FNH:0
DA:1,1
LF:1
LH:1
BRF:0
BRH:0
end_of_record
TN:
SF:src/utils/useOnlineStatus.js
FN:3,(anonymous_0)
FN:6,(anonymous_1)
FN:7,(anonymous_2)
FN:10,(anonymous_3)
FNF:4
FNH:2
FNDA:6,(anonymous_0)
FNDA:4,(anonymous_1)
FNDA:0,(anonymous_2)
FNDA:0,(anonymous_3)
DA:3,2
DA:4,6
DA:6,6
DA:7,4
DA:8,0
DA:10,4
DA:11,0
DA:15,6
LF:8
LH:6
BRF:0
BRH:0
end_of_record
